<?xml version="1.0" encoding="UTF-8"?>
<testsuite name="com.dhonig.cityconnections.service.SearchServiceTest" tests="3" skipped="0" failures="0" errors="0" timestamp="2020-02-27T04:22:01" hostname="DESKTOP-3MHFIB2" time="0.084">
  <properties/>
  <testcase name="givenAConnectedRoute_testTrue()" classname="com.dhonig.cityconnections.service.SearchServiceTest" time="0.026"/>
  <testcase name="givenInvalidInput_anIllegalArgumentIsThrown()" classname="com.dhonig.cityconnections.service.SearchServiceTest" time="0.032"/>
  <testcase name="givenARouteNotConnected_testFalse()" classname="com.dhonig.cityconnections.service.SearchServiceTest" time="0.013"/>
  <system-out><![CDATA[2020-02-26 23:22:01.163  INFO 23231 --- [    Test worker] .b.t.c.SpringBootTestContextBootstrapper : Neither @ContextConfiguration nor @ContextHierarchy found for test class [com.dhonig.cityconnections.service.SearchServiceTest], using SpringBootContextLoader
2020-02-26 23:22:01.169  INFO 23231 --- [    Test worker] o.s.t.c.support.AbstractContextLoader    : Could not detect default resource locations for test class [com.dhonig.cityconnections.service.SearchServiceTest]: no resource found for suffixes {-context.xml, Context.groovy}.
2020-02-26 23:22:01.173  INFO 23231 --- [    Test worker] t.c.s.AnnotationConfigContextLoaderUtils : Could not detect default configuration classes for test class [com.dhonig.cityconnections.service.SearchServiceTest]: SearchServiceTest does not declare any static, non-private, non-final, nested classes annotated with @Configuration.
2020-02-26 23:22:01.195  INFO 23231 --- [    Test worker] .b.t.c.SpringBootTestContextBootstrapper : Found @SpringBootConfiguration com.dhonig.cityconnections.CityConnectionsApp for test class com.dhonig.cityconnections.service.SearchServiceTest
2020-02-26 23:22:01.212  INFO 23231 --- [    Test worker] .b.t.c.SpringBootTestContextBootstrapper : Loaded default TestExecutionListener class names from location [META-INF/spring.factories]: [org.springframework.boot.test.autoconfigure.restdocs.RestDocsTestExecutionListener, org.springframework.boot.test.autoconfigure.web.client.MockRestServiceServerResetTestExecutionListener, org.springframework.boot.test.autoconfigure.web.servlet.MockMvcPrintOnlyOnFailureTestExecutionListener, org.springframework.boot.test.autoconfigure.web.servlet.WebDriverTestExecutionListener, org.springframework.boot.test.mock.mockito.MockitoTestExecutionListener, org.springframework.boot.test.mock.mockito.ResetMocksTestExecutionListener, org.springframework.test.context.web.ServletTestExecutionListener, org.springframework.test.context.support.DirtiesContextBeforeModesTestExecutionListener, org.springframework.test.context.support.DependencyInjectionTestExecutionListener, org.springframework.test.context.support.DirtiesContextTestExecutionListener, org.springframework.test.context.transaction.TransactionalTestExecutionListener, org.springframework.test.context.jdbc.SqlScriptsTestExecutionListener, org.springframework.test.context.event.EventPublishingTestExecutionListener]
2020-02-26 23:22:01.220  INFO 23231 --- [    Test worker] .b.t.c.SpringBootTestContextBootstrapper : Using TestExecutionListeners: [org.springframework.test.context.web.ServletTestExecutionListener@55dffd57, org.springframework.test.context.support.DirtiesContextBeforeModesTestExecutionListener@7910d9c0, org.springframework.boot.test.mock.mockito.MockitoTestExecutionListener@60c03652, org.springframework.boot.test.autoconfigure.SpringBootDependencyInjectionTestExecutionListener@eeba0f8, org.springframework.test.context.support.DirtiesContextTestExecutionListener@24f4c137, org.springframework.test.context.event.EventPublishingTestExecutionListener@5bd5d2b0, org.springframework.boot.test.autoconfigure.restdocs.RestDocsTestExecutionListener@3ac60d3e, org.springframework.boot.test.autoconfigure.web.client.MockRestServiceServerResetTestExecutionListener@69f986fe, org.springframework.boot.test.autoconfigure.web.servlet.MockMvcPrintOnlyOnFailureTestExecutionListener@6b061f8f, org.springframework.boot.test.autoconfigure.web.servlet.WebDriverTestExecutionListener@1eb3100d, org.springframework.boot.test.mock.mockito.ResetMocksTestExecutionListener@14164118]
]]></system-out>
  <system-err><![CDATA[]]></system-err>
</testsuite>
