<?xml version="1.0" encoding="UTF-8"?>
<testsuite name="com.dhonig.cityconnections.service.SearchServiceTest" tests="3" skipped="0" failures="0" errors="0" timestamp="2020-02-27T05:42:01" hostname="DESKTOP-3MHFIB2" time="0.121">
  <properties/>
  <testcase name="givenAConnectedRoute_testTrue()" classname="com.dhonig.cityconnections.service.SearchServiceTest" time="0.027"/>
  <testcase name="givenInvalidInput_anIllegalArgumentIsThrown()" classname="com.dhonig.cityconnections.service.SearchServiceTest" time="0.052"/>
  <testcase name="givenARouteNotConnected_testFalse()" classname="com.dhonig.cityconnections.service.SearchServiceTest" time="0.012"/>
  <system-out><![CDATA[2020-02-27 00:42:01.741  INFO 4675 --- [    Test worker] .b.t.c.SpringBootTestContextBootstrapper : Neither @ContextConfiguration nor @ContextHierarchy found for test class [com.dhonig.cityconnections.service.SearchServiceTest], using SpringBootContextLoader
2020-02-27 00:42:01.757  INFO 4675 --- [    Test worker] o.s.t.c.support.AbstractContextLoader    : Could not detect default resource locations for test class [com.dhonig.cityconnections.service.SearchServiceTest]: no resource found for suffixes {-context.xml, Context.groovy}.
2020-02-27 00:42:01.760  INFO 4675 --- [    Test worker] t.c.s.AnnotationConfigContextLoaderUtils : Could not detect default configuration classes for test class [com.dhonig.cityconnections.service.SearchServiceTest]: SearchServiceTest does not declare any static, non-private, non-final, nested classes annotated with @Configuration.
2020-02-27 00:42:01.773  INFO 4675 --- [    Test worker] .b.t.c.SpringBootTestContextBootstrapper : Found @SpringBootConfiguration com.dhonig.cityconnections.CityConnectionsApp for test class com.dhonig.cityconnections.service.SearchServiceTest
2020-02-27 00:42:01.796  INFO 4675 --- [    Test worker] .b.t.c.SpringBootTestContextBootstrapper : Loaded default TestExecutionListener class names from location [META-INF/spring.factories]: [org.springframework.boot.test.autoconfigure.restdocs.RestDocsTestExecutionListener, org.springframework.boot.test.autoconfigure.web.client.MockRestServiceServerResetTestExecutionListener, org.springframework.boot.test.autoconfigure.web.servlet.MockMvcPrintOnlyOnFailureTestExecutionListener, org.springframework.boot.test.autoconfigure.web.servlet.WebDriverTestExecutionListener, org.springframework.boot.test.mock.mockito.MockitoTestExecutionListener, org.springframework.boot.test.mock.mockito.ResetMocksTestExecutionListener, org.springframework.test.context.web.ServletTestExecutionListener, org.springframework.test.context.support.DirtiesContextBeforeModesTestExecutionListener, org.springframework.test.context.support.DependencyInjectionTestExecutionListener, org.springframework.test.context.support.DirtiesContextTestExecutionListener, org.springframework.test.context.transaction.TransactionalTestExecutionListener, org.springframework.test.context.jdbc.SqlScriptsTestExecutionListener, org.springframework.test.context.event.EventPublishingTestExecutionListener]
2020-02-27 00:42:01.803  INFO 4675 --- [    Test worker] .b.t.c.SpringBootTestContextBootstrapper : Using TestExecutionListeners: [org.springframework.test.context.web.ServletTestExecutionListener@103f0e02, org.springframework.test.context.support.DirtiesContextBeforeModesTestExecutionListener@7d1ccabc, org.springframework.boot.test.mock.mockito.MockitoTestExecutionListener@58b958f6, org.springframework.boot.test.autoconfigure.SpringBootDependencyInjectionTestExecutionListener@3304bca3, org.springframework.test.context.support.DirtiesContextTestExecutionListener@5ba3ebdf, org.springframework.test.context.event.EventPublishingTestExecutionListener@40f1933d, org.springframework.boot.test.autoconfigure.restdocs.RestDocsTestExecutionListener@521d1d3d, org.springframework.boot.test.autoconfigure.web.client.MockRestServiceServerResetTestExecutionListener@44ea5279, org.springframework.boot.test.autoconfigure.web.servlet.MockMvcPrintOnlyOnFailureTestExecutionListener@d3b428, org.springframework.boot.test.autoconfigure.web.servlet.WebDriverTestExecutionListener@4cf7b774, org.springframework.boot.test.mock.mockito.ResetMocksTestExecutionListener@76b9af22]
]]></system-out>
  <system-err><![CDATA[]]></system-err>
</testsuite>
