<?xml version="1.0" encoding="UTF-8"?>
<testsuite name="com.dhonig.cityconnections.factory.CityDataFactoryTest" tests="2" skipped="0" failures="0" errors="0" timestamp="2020-02-27T04:21:50" hostname="DESKTOP-3MHFIB2" time="0.881">
  <properties/>
  <testcase name="testFactoryReadsUniqueCitiesCorrectly()" classname="com.dhonig.cityconnections.factory.CityDataFactoryTest" time="0.869"/>
  <testcase name="testFactoryPopulatesCityPairsInCorrectShape()" classname="com.dhonig.cityconnections.factory.CityDataFactoryTest" time="0.008"/>
  <system-out><![CDATA[23:21:29.508 [Test worker] DEBUG org.springframework.test.context.BootstrapUtils - Instantiating CacheAwareContextLoaderDelegate from class [org.springframework.test.context.cache.DefaultCacheAwareContextLoaderDelegate]
23:21:29.557 [Test worker] DEBUG org.springframework.test.context.BootstrapUtils - Instantiating BootstrapContext using constructor [public org.springframework.test.context.support.DefaultBootstrapContext(java.lang.Class,org.springframework.test.context.CacheAwareContextLoaderDelegate)]
23:21:29.679 [Test worker] DEBUG org.springframework.test.context.BootstrapUtils - Instantiating TestContextBootstrapper for test class [com.dhonig.cityconnections.factory.CityDataFactoryTest] from class [org.springframework.boot.test.context.SpringBootTestContextBootstrapper]
23:21:29.787 [Test worker] INFO org.springframework.boot.test.context.SpringBootTestContextBootstrapper - Neither @ContextConfiguration nor @ContextHierarchy found for test class [com.dhonig.cityconnections.factory.CityDataFactoryTest], using SpringBootContextLoader
23:21:29.800 [Test worker] DEBUG org.springframework.test.context.support.AbstractContextLoader - Did not detect default resource location for test class [com.dhonig.cityconnections.factory.CityDataFactoryTest]: class path resource [com/dhonig/cityconnections/factory/CityDataFactoryTest-context.xml] does not exist
23:21:29.801 [Test worker] DEBUG org.springframework.test.context.support.AbstractContextLoader - Did not detect default resource location for test class [com.dhonig.cityconnections.factory.CityDataFactoryTest]: class path resource [com/dhonig/cityconnections/factory/CityDataFactoryTestContext.groovy] does not exist
23:21:29.804 [Test worker] INFO org.springframework.test.context.support.AbstractContextLoader - Could not detect default resource locations for test class [com.dhonig.cityconnections.factory.CityDataFactoryTest]: no resource found for suffixes {-context.xml, Context.groovy}.
23:21:29.808 [Test worker] INFO org.springframework.test.context.support.AnnotationConfigContextLoaderUtils - Could not detect default configuration classes for test class [com.dhonig.cityconnections.factory.CityDataFactoryTest]: CityDataFactoryTest does not declare any static, non-private, non-final, nested classes annotated with @Configuration.
23:21:29.996 [Test worker] DEBUG org.springframework.test.context.support.ActiveProfilesUtils - Could not find an 'annotation declaring class' for annotation type [org.springframework.test.context.ActiveProfiles] and class [com.dhonig.cityconnections.factory.CityDataFactoryTest]
23:21:30.602 [Test worker] DEBUG org.springframework.context.annotation.ClassPathScanningCandidateComponentProvider - Identified candidate component class: file [/home/dhonig/IdeaProjects/cityconnections/build/classes/java/main/com/dhonig/cityconnections/CityConnectionsApp.class]
23:21:30.604 [Test worker] INFO org.springframework.boot.test.context.SpringBootTestContextBootstrapper - Found @SpringBootConfiguration com.dhonig.cityconnections.CityConnectionsApp for test class com.dhonig.cityconnections.factory.CityDataFactoryTest
23:21:31.213 [Test worker] DEBUG org.springframework.boot.test.context.SpringBootTestContextBootstrapper - @TestExecutionListeners is not present for class [com.dhonig.cityconnections.factory.CityDataFactoryTest]: using defaults.
23:21:31.221 [Test worker] INFO org.springframework.boot.test.context.SpringBootTestContextBootstrapper - Loaded default TestExecutionListener class names from location [META-INF/spring.factories]: [org.springframework.boot.test.autoconfigure.restdocs.RestDocsTestExecutionListener, org.springframework.boot.test.autoconfigure.web.client.MockRestServiceServerResetTestExecutionListener, org.springframework.boot.test.autoconfigure.web.servlet.MockMvcPrintOnlyOnFailureTestExecutionListener, org.springframework.boot.test.autoconfigure.web.servlet.WebDriverTestExecutionListener, org.springframework.boot.test.mock.mockito.MockitoTestExecutionListener, org.springframework.boot.test.mock.mockito.ResetMocksTestExecutionListener, org.springframework.test.context.web.ServletTestExecutionListener, org.springframework.test.context.support.DirtiesContextBeforeModesTestExecutionListener, org.springframework.test.context.support.DependencyInjectionTestExecutionListener, org.springframework.test.context.support.DirtiesContextTestExecutionListener, org.springframework.test.context.transaction.TransactionalTestExecutionListener, org.springframework.test.context.jdbc.SqlScriptsTestExecutionListener, org.springframework.test.context.event.EventPublishingTestExecutionListener]
23:21:31.270 [Test worker] DEBUG org.springframework.boot.test.context.SpringBootTestContextBootstrapper - Skipping candidate TestExecutionListener [org.springframework.test.context.transaction.TransactionalTestExecutionListener] due to a missing dependency. Specify custom listener classes or make the default listener classes and their required dependencies available. Offending class: [org/springframework/transaction/TransactionDefinition]
23:21:31.274 [Test worker] DEBUG org.springframework.boot.test.context.SpringBootTestContextBootstrapper - Skipping candidate TestExecutionListener [org.springframework.test.context.jdbc.SqlScriptsTestExecutionListener] due to a missing dependency. Specify custom listener classes or make the default listener classes and their required dependencies available. Offending class: [org/springframework/transaction/interceptor/TransactionAttribute]
23:21:31.277 [Test worker] INFO org.springframework.boot.test.context.SpringBootTestContextBootstrapper - Using TestExecutionListeners: [org.springframework.test.context.web.ServletTestExecutionListener@2066bff4, org.springframework.test.context.support.DirtiesContextBeforeModesTestExecutionListener@2ab46785, org.springframework.boot.test.mock.mockito.MockitoTestExecutionListener@38a4334c, org.springframework.boot.test.autoconfigure.SpringBootDependencyInjectionTestExecutionListener@24ae5598, org.springframework.test.context.support.DirtiesContextTestExecutionListener@3122d7e6, org.springframework.test.context.event.EventPublishingTestExecutionListener@38a31608, org.springframework.boot.test.autoconfigure.restdocs.RestDocsTestExecutionListener@21047c03, org.springframework.boot.test.autoconfigure.web.client.MockRestServiceServerResetTestExecutionListener@7750ff2e, org.springframework.boot.test.autoconfigure.web.servlet.MockMvcPrintOnlyOnFailureTestExecutionListener@50ea9bc5, org.springframework.boot.test.autoconfigure.web.servlet.WebDriverTestExecutionListener@70d9c486, org.springframework.boot.test.mock.mockito.ResetMocksTestExecutionListener@72bf5afa]
23:21:31.308 [Test worker] DEBUG org.springframework.test.context.support.AbstractDirtiesContextTestExecutionListener - Before test class: context [DefaultTestContext@5b41c034 testClass = CityDataFactoryTest, testInstance = [null], testMethod = [null], testException = [null], mergedContextConfiguration = [WebMergedContextConfiguration@224bb4b6 testClass = CityDataFactoryTest, locations = '{}', classes = '{class com.dhonig.cityconnections.CityConnectionsApp}', contextInitializerClasses = '[]', activeProfiles = '{}', propertySourceLocations = '{}', propertySourceProperties = '{org.springframework.boot.test.context.SpringBootTestContextBootstrapper=true}', contextCustomizers = set[org.springframework.boot.test.autoconfigure.properties.PropertyMappingContextCustomizer@0, org.springframework.boot.test.autoconfigure.web.servlet.WebDriverContextCustomizerFactory$Customizer@278b81de, org.springframework.boot.test.context.filter.ExcludeFilterContextCustomizer@4161bcef, org.springframework.boot.test.json.DuplicateJsonObjectContextCustomizerFactory$DuplicateJsonObjectContextCustomizer@5a3a02e3, org.springframework.boot.test.mock.mockito.MockitoContextCustomizer@0, org.springframework.boot.test.web.client.TestRestTemplateContextCustomizer@1164c942], resourceBasePath = 'src/main/webapp', contextLoader = 'org.springframework.boot.test.context.SpringBootContextLoader', parent = [null]], attributes = map['org.springframework.test.context.web.ServletTestExecutionListener.activateListener' -> true]], class annotated with @DirtiesContext [false] with mode [null].
23:21:31.514 [Test worker] DEBUG org.springframework.test.context.support.TestPropertySourceUtils - Adding inlined properties to environment: {spring.jmx.enabled=false, org.springframework.boot.test.context.SpringBootTestContextBootstrapper=true, server.port=-1}

  .   ____          _            __ _ _
 /\\ / ___'_ __ _ _(_)_ __  __ _ \ \ \ \
( ( )\___ | '_ | '_| | '_ \/ _` | \ \ \ \
 \\/  ___)| |_)| | | | | || (_| |  ) ) ) )
  '  |____| .__|_| |_|_| |_\__, | / / / /
 =========|_|==============|___/=/_/_/_/
 :: Spring Boot ::        (v2.2.4.RELEASE)

2020-02-26 23:21:33.130  INFO 23231 --- [    Test worker] c.d.c.factory.CityDataFactoryTest        : Starting CityDataFactoryTest on DESKTOP-3MHFIB2 with PID 23231 (started by dhonig in /home/dhonig/IdeaProjects/cityconnections)
2020-02-26 23:21:33.139  INFO 23231 --- [    Test worker] c.d.c.factory.CityDataFactoryTest        : No active profile set, falling back to default profiles: default
2020-02-26 23:21:43.551  INFO 23231 --- [    Test worker] o.s.b.a.e.web.EndpointLinksResolver      : Exposing 2 endpoint(s) beneath base path '/actuator'
2020-02-26 23:21:44.678  INFO 23231 --- [    Test worker] pertySourcedRequestMappingHandlerMapping : Mapped URL path [/v2/api-docs] onto method [springfox.documentation.swagger2.web.Swagger2Controller#getDocumentation(String, HttpServletRequest)]
2020-02-26 23:21:46.778  INFO 23231 --- [    Test worker] o.s.s.concurrent.ThreadPoolTaskExecutor  : Initializing ExecutorService 'applicationTaskExecutor'
2020-02-26 23:21:48.772  INFO 23231 --- [    Test worker] d.s.w.p.DocumentationPluginsBootstrapper : Context refreshed
2020-02-26 23:21:48.961  INFO 23231 --- [    Test worker] d.s.w.p.DocumentationPluginsBootstrapper : Found 1 custom documentation plugin(s)
2020-02-26 23:21:49.107  INFO 23231 --- [    Test worker] s.d.s.w.s.ApiListingReferenceScanner     : Scanning for api listing references
2020-02-26 23:21:49.751  INFO 23231 --- [    Test worker] c.d.c.factory.CityDataFactoryTest        : Started CityDataFactoryTest in 18.199 seconds (JVM running for 23.813)
]]></system-out>
  <system-err><![CDATA[]]></system-err>
</testsuite>
