<?xml version="1.0" encoding="UTF-8"?>
<testsuite name="com.dhonig.cityconnections.factory.CityDataFactoryTest" tests="2" skipped="0" failures="0" errors="0" timestamp="2020-02-27T05:41:49" hostname="DESKTOP-3MHFIB2" time="2.544">
  <properties/>
  <testcase name="testFactoryReadsUniqueCitiesCorrectly()" classname="com.dhonig.cityconnections.factory.CityDataFactoryTest" time="2.494"/>
  <testcase name="testFactoryPopulatesCityPairsInCorrectShape()" classname="com.dhonig.cityconnections.factory.CityDataFactoryTest" time="0.035"/>
  <system-out><![CDATA[00:41:33.275 [Test worker] DEBUG org.springframework.test.context.BootstrapUtils - Instantiating CacheAwareContextLoaderDelegate from class [org.springframework.test.context.cache.DefaultCacheAwareContextLoaderDelegate]
00:41:33.287 [Test worker] DEBUG org.springframework.test.context.BootstrapUtils - Instantiating BootstrapContext using constructor [public org.springframework.test.context.support.DefaultBootstrapContext(java.lang.Class,org.springframework.test.context.CacheAwareContextLoaderDelegate)]
00:41:33.318 [Test worker] DEBUG org.springframework.test.context.BootstrapUtils - Instantiating TestContextBootstrapper for test class [com.dhonig.cityconnections.factory.CityDataFactoryTest] from class [org.springframework.boot.test.context.SpringBootTestContextBootstrapper]
00:41:33.339 [Test worker] INFO org.springframework.boot.test.context.SpringBootTestContextBootstrapper - Neither @ContextConfiguration nor @ContextHierarchy found for test class [com.dhonig.cityconnections.factory.CityDataFactoryTest], using SpringBootContextLoader
00:41:33.344 [Test worker] DEBUG org.springframework.test.context.support.AbstractContextLoader - Did not detect default resource location for test class [com.dhonig.cityconnections.factory.CityDataFactoryTest]: class path resource [com/dhonig/cityconnections/factory/CityDataFactoryTest-context.xml] does not exist
00:41:33.345 [Test worker] DEBUG org.springframework.test.context.support.AbstractContextLoader - Did not detect default resource location for test class [com.dhonig.cityconnections.factory.CityDataFactoryTest]: class path resource [com/dhonig/cityconnections/factory/CityDataFactoryTestContext.groovy] does not exist
00:41:33.345 [Test worker] INFO org.springframework.test.context.support.AbstractContextLoader - Could not detect default resource locations for test class [com.dhonig.cityconnections.factory.CityDataFactoryTest]: no resource found for suffixes {-context.xml, Context.groovy}.
00:41:33.346 [Test worker] INFO org.springframework.test.context.support.AnnotationConfigContextLoaderUtils - Could not detect default configuration classes for test class [com.dhonig.cityconnections.factory.CityDataFactoryTest]: CityDataFactoryTest does not declare any static, non-private, non-final, nested classes annotated with @Configuration.
00:41:33.384 [Test worker] DEBUG org.springframework.test.context.support.ActiveProfilesUtils - Could not find an 'annotation declaring class' for annotation type [org.springframework.test.context.ActiveProfiles] and class [com.dhonig.cityconnections.factory.CityDataFactoryTest]
00:41:33.469 [Test worker] DEBUG org.springframework.context.annotation.ClassPathScanningCandidateComponentProvider - Identified candidate component class: file [/home/dhonig/IdeaProjects/cityconnections/build/classes/java/main/com/dhonig/cityconnections/CityConnectionsApp.class]
00:41:33.469 [Test worker] INFO org.springframework.boot.test.context.SpringBootTestContextBootstrapper - Found @SpringBootConfiguration com.dhonig.cityconnections.CityConnectionsApp for test class com.dhonig.cityconnections.factory.CityDataFactoryTest
00:41:33.552 [Test worker] DEBUG org.springframework.boot.test.context.SpringBootTestContextBootstrapper - @TestExecutionListeners is not present for class [com.dhonig.cityconnections.factory.CityDataFactoryTest]: using defaults.
00:41:33.552 [Test worker] INFO org.springframework.boot.test.context.SpringBootTestContextBootstrapper - Loaded default TestExecutionListener class names from location [META-INF/spring.factories]: [org.springframework.boot.test.autoconfigure.restdocs.RestDocsTestExecutionListener, org.springframework.boot.test.autoconfigure.web.client.MockRestServiceServerResetTestExecutionListener, org.springframework.boot.test.autoconfigure.web.servlet.MockMvcPrintOnlyOnFailureTestExecutionListener, org.springframework.boot.test.autoconfigure.web.servlet.WebDriverTestExecutionListener, org.springframework.boot.test.mock.mockito.MockitoTestExecutionListener, org.springframework.boot.test.mock.mockito.ResetMocksTestExecutionListener, org.springframework.test.context.web.ServletTestExecutionListener, org.springframework.test.context.support.DirtiesContextBeforeModesTestExecutionListener, org.springframework.test.context.support.DependencyInjectionTestExecutionListener, org.springframework.test.context.support.DirtiesContextTestExecutionListener, org.springframework.test.context.transaction.TransactionalTestExecutionListener, org.springframework.test.context.jdbc.SqlScriptsTestExecutionListener, org.springframework.test.context.event.EventPublishingTestExecutionListener]
00:41:33.559 [Test worker] DEBUG org.springframework.boot.test.context.SpringBootTestContextBootstrapper - Skipping candidate TestExecutionListener [org.springframework.test.context.transaction.TransactionalTestExecutionListener] due to a missing dependency. Specify custom listener classes or make the default listener classes and their required dependencies available. Offending class: [org/springframework/transaction/TransactionDefinition]
00:41:33.560 [Test worker] DEBUG org.springframework.boot.test.context.SpringBootTestContextBootstrapper - Skipping candidate TestExecutionListener [org.springframework.test.context.jdbc.SqlScriptsTestExecutionListener] due to a missing dependency. Specify custom listener classes or make the default listener classes and their required dependencies available. Offending class: [org/springframework/transaction/interceptor/TransactionAttribute]
00:41:33.560 [Test worker] INFO org.springframework.boot.test.context.SpringBootTestContextBootstrapper - Using TestExecutionListeners: [org.springframework.test.context.web.ServletTestExecutionListener@44bcba2a, org.springframework.test.context.support.DirtiesContextBeforeModesTestExecutionListener@70032c1b, org.springframework.boot.test.mock.mockito.MockitoTestExecutionListener@569f2a21, org.springframework.boot.test.autoconfigure.SpringBootDependencyInjectionTestExecutionListener@17cd77df, org.springframework.test.context.support.DirtiesContextTestExecutionListener@3601f2e6, org.springframework.test.context.event.EventPublishingTestExecutionListener@5f0b73c9, org.springframework.boot.test.autoconfigure.restdocs.RestDocsTestExecutionListener@70ea842b, org.springframework.boot.test.autoconfigure.web.client.MockRestServiceServerResetTestExecutionListener@ce56666, org.springframework.boot.test.autoconfigure.web.servlet.MockMvcPrintOnlyOnFailureTestExecutionListener@35ca23de, org.springframework.boot.test.autoconfigure.web.servlet.WebDriverTestExecutionListener@31db8b95, org.springframework.boot.test.mock.mockito.ResetMocksTestExecutionListener@15b48a59]
00:41:33.564 [Test worker] DEBUG org.springframework.test.context.support.AbstractDirtiesContextTestExecutionListener - Before test class: context [DefaultTestContext@3edd0d42 testClass = CityDataFactoryTest, testInstance = [null], testMethod = [null], testException = [null], mergedContextConfiguration = [WebMergedContextConfiguration@6f730ea testClass = CityDataFactoryTest, locations = '{}', classes = '{class com.dhonig.cityconnections.CityConnectionsApp}', contextInitializerClasses = '[]', activeProfiles = '{}', propertySourceLocations = '{}', propertySourceProperties = '{org.springframework.boot.test.context.SpringBootTestContextBootstrapper=true}', contextCustomizers = set[org.springframework.boot.test.autoconfigure.properties.PropertyMappingContextCustomizer@0, org.springframework.boot.test.autoconfigure.web.servlet.WebDriverContextCustomizerFactory$Customizer@25130ba8, org.springframework.boot.test.context.filter.ExcludeFilterContextCustomizer@54d1611f, org.springframework.boot.test.json.DuplicateJsonObjectContextCustomizerFactory$DuplicateJsonObjectContextCustomizer@e90f86f, org.springframework.boot.test.mock.mockito.MockitoContextCustomizer@0, org.springframework.boot.test.web.client.TestRestTemplateContextCustomizer@7894ce82], resourceBasePath = 'src/main/webapp', contextLoader = 'org.springframework.boot.test.context.SpringBootContextLoader', parent = [null]], attributes = map['org.springframework.test.context.web.ServletTestExecutionListener.activateListener' -> true]], class annotated with @DirtiesContext [false] with mode [null].
00:41:33.581 [Test worker] DEBUG org.springframework.test.context.support.TestPropertySourceUtils - Adding inlined properties to environment: {spring.jmx.enabled=false, org.springframework.boot.test.context.SpringBootTestContextBootstrapper=true, server.port=-1}

  .   ____          _            __ _ _
 /\\ / ___'_ __ _ _(_)_ __  __ _ \ \ \ \
( ( )\___ | '_ | '_| | '_ \/ _` | \ \ \ \
 \\/  ___)| |_)| | | | | || (_| |  ) ) ) )
  '  |____| .__|_| |_|_| |_\__, | / / / /
 =========|_|==============|___/=/_/_/_/
 :: Spring Boot ::        (v2.2.4.RELEASE)

2020-02-27 00:41:34.254  INFO 4675 --- [    Test worker] c.d.c.factory.CityDataFactoryTest        : Starting CityDataFactoryTest on DESKTOP-3MHFIB2 with PID 4675 (started by dhonig in /home/dhonig/IdeaProjects/cityconnections)
2020-02-27 00:41:34.255  INFO 4675 --- [    Test worker] c.d.c.factory.CityDataFactoryTest        : No active profile set, falling back to default profiles: default
2020-02-27 00:41:44.986  INFO 4675 --- [    Test worker] o.s.b.a.e.web.EndpointLinksResolver      : Exposing 2 endpoint(s) beneath base path '/actuator'
2020-02-27 00:41:45.962  INFO 4675 --- [    Test worker] pertySourcedRequestMappingHandlerMapping : Mapped URL path [/v2/api-docs] onto method [springfox.documentation.swagger2.web.Swagger2Controller#getDocumentation(String, HttpServletRequest)]
2020-02-27 00:41:47.754  INFO 4675 --- [    Test worker] o.s.s.concurrent.ThreadPoolTaskExecutor  : Initializing ExecutorService 'applicationTaskExecutor'
2020-02-27 00:41:48.400  INFO 4675 --- [    Test worker] d.s.w.p.DocumentationPluginsBootstrapper : Context refreshed
2020-02-27 00:41:48.646  INFO 4675 --- [    Test worker] d.s.w.p.DocumentationPluginsBootstrapper : Found 1 custom documentation plugin(s)
2020-02-27 00:41:48.688  INFO 4675 --- [    Test worker] s.d.s.w.s.ApiListingReferenceScanner     : Scanning for api listing references
2020-02-27 00:41:49.113  INFO 4675 --- [    Test worker] c.d.c.factory.CityDataFactoryTest        : Started CityDataFactoryTest in 15.522 seconds (JVM running for 24.762)
]]></system-out>
  <system-err><![CDATA[]]></system-err>
</testsuite>
