<?xml version="1.0" encoding="UTF-8"?>
<testsuite name="com.dhonig.cityconnections.rest.ConnectionsControllerTest" tests="5" skipped="0" failures="0" errors="0" timestamp="2020-02-27T04:21:59" hostname="DESKTOP-3MHFIB2" time="1.216">
  <properties/>
  <testcase name="givenBostonAndNewark_returnsYes()" classname="com.dhonig.cityconnections.rest.ConnectionsControllerTest" time="1.029"/>
  <testcase name="givenAHealthCheckTest_returnsCorrectResponse()" classname="com.dhonig.cityconnections.rest.ConnectionsControllerTest" time="0.069"/>
  <testcase name="givenUnkownInputs_returnsNo()" classname="com.dhonig.cityconnections.rest.ConnectionsControllerTest" time="0.031"/>
  <testcase name="givenPhiladelphiaAndAlbany_returnsNo()" classname="com.dhonig.cityconnections.rest.ConnectionsControllerTest" time="0.024"/>
  <testcase name="givenBostonAndPhiladelphia_returnsYes()" classname="com.dhonig.cityconnections.rest.ConnectionsControllerTest" time="0.019"/>
  <system-out><![CDATA[2020-02-26 23:21:50.945  INFO 23231 --- [    Test worker] .b.t.c.SpringBootTestContextBootstrapper : Neither @ContextConfiguration nor @ContextHierarchy found for test class [com.dhonig.cityconnections.rest.ConnectionsControllerTest], using SpringBootContextLoader
2020-02-26 23:21:50.958  INFO 23231 --- [    Test worker] o.s.t.c.support.AbstractContextLoader    : Could not detect default resource locations for test class [com.dhonig.cityconnections.rest.ConnectionsControllerTest]: no resource found for suffixes {-context.xml, Context.groovy}.
2020-02-26 23:21:50.968  INFO 23231 --- [    Test worker] .b.t.c.SpringBootTestContextBootstrapper : Loaded default TestExecutionListener class names from location [META-INF/spring.factories]: [org.springframework.boot.test.autoconfigure.restdocs.RestDocsTestExecutionListener, org.springframework.boot.test.autoconfigure.web.client.MockRestServiceServerResetTestExecutionListener, org.springframework.boot.test.autoconfigure.web.servlet.MockMvcPrintOnlyOnFailureTestExecutionListener, org.springframework.boot.test.autoconfigure.web.servlet.WebDriverTestExecutionListener, org.springframework.boot.test.mock.mockito.MockitoTestExecutionListener, org.springframework.boot.test.mock.mockito.ResetMocksTestExecutionListener, org.springframework.test.context.web.ServletTestExecutionListener, org.springframework.test.context.support.DirtiesContextBeforeModesTestExecutionListener, org.springframework.test.context.support.DependencyInjectionTestExecutionListener, org.springframework.test.context.support.DirtiesContextTestExecutionListener, org.springframework.test.context.transaction.TransactionalTestExecutionListener, org.springframework.test.context.jdbc.SqlScriptsTestExecutionListener, org.springframework.test.context.event.EventPublishingTestExecutionListener]
2020-02-26 23:21:50.971  INFO 23231 --- [    Test worker] .b.t.c.SpringBootTestContextBootstrapper : Using TestExecutionListeners: [org.springframework.test.context.web.ServletTestExecutionListener@7a690bac, org.springframework.test.context.support.DirtiesContextBeforeModesTestExecutionListener@44c94a44, org.springframework.boot.test.mock.mockito.MockitoTestExecutionListener@226eb7bf, org.springframework.boot.test.autoconfigure.SpringBootDependencyInjectionTestExecutionListener@38c342f6, org.springframework.test.context.support.DirtiesContextTestExecutionListener@ac51a29, org.springframework.test.context.event.EventPublishingTestExecutionListener@4d0ea5f, org.springframework.boot.test.autoconfigure.restdocs.RestDocsTestExecutionListener@53546635, org.springframework.boot.test.autoconfigure.web.client.MockRestServiceServerResetTestExecutionListener@71a25a5b, org.springframework.boot.test.autoconfigure.web.servlet.MockMvcPrintOnlyOnFailureTestExecutionListener@53940214, org.springframework.boot.test.autoconfigure.web.servlet.WebDriverTestExecutionListener@5015882b, org.springframework.boot.test.mock.mockito.ResetMocksTestExecutionListener@200039d2]

  .   ____          _            __ _ _
 /\\ / ___'_ __ _ _(_)_ __  __ _ \ \ \ \
( ( )\___ | '_ | '_| | '_ \/ _` | \ \ \ \
 \\/  ___)| |_)| | | | | || (_| |  ) ) ) )
  '  |____| .__|_| |_|_| |_\__, | / / / /
 =========|_|==============|___/=/_/_/_/
 :: Spring Boot ::        (v2.2.4.RELEASE)

2020-02-26 23:21:51.065  INFO 23231 --- [    Test worker] c.d.c.rest.ConnectionsControllerTest     : Starting ConnectionsControllerTest on DESKTOP-3MHFIB2 with PID 23231 (started by dhonig in /home/dhonig/IdeaProjects/cityconnections)
2020-02-26 23:21:51.067  INFO 23231 --- [    Test worker] c.d.c.rest.ConnectionsControllerTest     : No active profile set, falling back to default profiles: default
2020-02-26 23:21:54.553  INFO 23231 --- [    Test worker] o.s.b.w.embedded.tomcat.TomcatWebServer  : Tomcat initialized with port(s): 0 (http)
2020-02-26 23:21:54.589  INFO 23231 --- [    Test worker] o.apache.catalina.core.StandardService   : Starting service [Tomcat]
2020-02-26 23:21:54.592  INFO 23231 --- [    Test worker] org.apache.catalina.core.StandardEngine  : Starting Servlet engine: [Apache Tomcat/9.0.30]
2020-02-26 23:21:54.860  INFO 23231 --- [    Test worker] o.a.c.c.C.[Tomcat].[localhost].[/]       : Initializing Spring embedded WebApplicationContext
2020-02-26 23:21:54.861  INFO 23231 --- [    Test worker] o.s.web.context.ContextLoader            : Root WebApplicationContext: initialization completed in 3785 ms
2020-02-26 23:21:57.580  INFO 23231 --- [    Test worker] o.s.b.a.e.web.EndpointLinksResolver      : Exposing 2 endpoint(s) beneath base path '/actuator'
2020-02-26 23:21:58.132  INFO 23231 --- [    Test worker] pertySourcedRequestMappingHandlerMapping : Mapped URL path [/v2/api-docs] onto method [springfox.documentation.swagger2.web.Swagger2Controller#getDocumentation(String, HttpServletRequest)]
2020-02-26 23:21:58.781  INFO 23231 --- [    Test worker] o.s.s.concurrent.ThreadPoolTaskExecutor  : Initializing ExecutorService 'applicationTaskExecutor'
2020-02-26 23:21:59.493  INFO 23231 --- [    Test worker] d.s.w.p.DocumentationPluginsBootstrapper : Context refreshed
2020-02-26 23:21:59.510  INFO 23231 --- [    Test worker] d.s.w.p.DocumentationPluginsBootstrapper : Found 1 custom documentation plugin(s)
2020-02-26 23:21:59.548  INFO 23231 --- [    Test worker] s.d.s.w.s.ApiListingReferenceScanner     : Scanning for api listing references
2020-02-26 23:21:59.865  INFO 23231 --- [    Test worker] o.s.b.w.embedded.tomcat.TomcatWebServer  : Tomcat started on port(s): 35461 (http) with context path ''
2020-02-26 23:21:59.874  INFO 23231 --- [    Test worker] c.d.c.rest.ConnectionsControllerTest     : Started ConnectionsControllerTest in 8.891 seconds (JVM running for 33.936)
2020-02-26 23:22:00.536  INFO 23231 --- [o-auto-1-exec-1] o.a.c.c.C.[Tomcat].[localhost].[/]       : Initializing Spring DispatcherServlet 'dispatcherServlet'
2020-02-26 23:22:00.538  INFO 23231 --- [o-auto-1-exec-1] o.s.web.servlet.DispatcherServlet        : Initializing Servlet 'dispatcherServlet'
2020-02-26 23:22:00.676  INFO 23231 --- [o-auto-1-exec-1] o.s.web.servlet.DispatcherServlet        : Completed initialization in 136 ms
]]></system-out>
  <system-err><![CDATA[]]></system-err>
</testsuite>
