<?xml version="1.0" encoding="UTF-8"?>
<testsuite name="com.dhonig.cityconnections.rest.ConnectionsControllerTest" tests="5" skipped="0" failures="0" errors="0" timestamp="2020-02-27T05:42:00" hostname="DESKTOP-3MHFIB2" time="1.137">
  <properties/>
  <testcase name="givenBostonAndNewark_returnsYes()" classname="com.dhonig.cityconnections.rest.ConnectionsControllerTest" time="0.988"/>
  <testcase name="givenAHealthCheckTest_returnsCorrectResponse()" classname="com.dhonig.cityconnections.rest.ConnectionsControllerTest" time="0.038"/>
  <testcase name="givenUnkownInputs_returnsNo()" classname="com.dhonig.cityconnections.rest.ConnectionsControllerTest" time="0.028"/>
  <testcase name="givenPhiladelphiaAndAlbany_returnsNo()" classname="com.dhonig.cityconnections.rest.ConnectionsControllerTest" time="0.032"/>
  <testcase name="givenBostonAndPhiladelphia_returnsYes()" classname="com.dhonig.cityconnections.rest.ConnectionsControllerTest" time="0.028"/>
  <system-out><![CDATA[2020-02-27 00:41:51.811  INFO 4675 --- [    Test worker] .b.t.c.SpringBootTestContextBootstrapper : Neither @ContextConfiguration nor @ContextHierarchy found for test class [com.dhonig.cityconnections.rest.ConnectionsControllerTest], using SpringBootContextLoader
2020-02-27 00:41:51.819  INFO 4675 --- [    Test worker] o.s.t.c.support.AbstractContextLoader    : Could not detect default resource locations for test class [com.dhonig.cityconnections.rest.ConnectionsControllerTest]: no resource found for suffixes {-context.xml, Context.groovy}.
2020-02-27 00:41:51.831  INFO 4675 --- [    Test worker] .b.t.c.SpringBootTestContextBootstrapper : Loaded default TestExecutionListener class names from location [META-INF/spring.factories]: [org.springframework.boot.test.autoconfigure.restdocs.RestDocsTestExecutionListener, org.springframework.boot.test.autoconfigure.web.client.MockRestServiceServerResetTestExecutionListener, org.springframework.boot.test.autoconfigure.web.servlet.MockMvcPrintOnlyOnFailureTestExecutionListener, org.springframework.boot.test.autoconfigure.web.servlet.WebDriverTestExecutionListener, org.springframework.boot.test.mock.mockito.MockitoTestExecutionListener, org.springframework.boot.test.mock.mockito.ResetMocksTestExecutionListener, org.springframework.test.context.web.ServletTestExecutionListener, org.springframework.test.context.support.DirtiesContextBeforeModesTestExecutionListener, org.springframework.test.context.support.DependencyInjectionTestExecutionListener, org.springframework.test.context.support.DirtiesContextTestExecutionListener, org.springframework.test.context.transaction.TransactionalTestExecutionListener, org.springframework.test.context.jdbc.SqlScriptsTestExecutionListener, org.springframework.test.context.event.EventPublishingTestExecutionListener]
2020-02-27 00:41:51.834  INFO 4675 --- [    Test worker] .b.t.c.SpringBootTestContextBootstrapper : Using TestExecutionListeners: [org.springframework.test.context.web.ServletTestExecutionListener@672deb24, org.springframework.test.context.support.DirtiesContextBeforeModesTestExecutionListener@5136549f, org.springframework.boot.test.mock.mockito.MockitoTestExecutionListener@631d805e, org.springframework.boot.test.autoconfigure.SpringBootDependencyInjectionTestExecutionListener@2dfd8e42, org.springframework.test.context.support.DirtiesContextTestExecutionListener@25813412, org.springframework.test.context.event.EventPublishingTestExecutionListener@46f00e91, org.springframework.boot.test.autoconfigure.restdocs.RestDocsTestExecutionListener@49607961, org.springframework.boot.test.autoconfigure.web.client.MockRestServiceServerResetTestExecutionListener@82e6191, org.springframework.boot.test.autoconfigure.web.servlet.MockMvcPrintOnlyOnFailureTestExecutionListener@2423f522, org.springframework.boot.test.autoconfigure.web.servlet.WebDriverTestExecutionListener@62e1e3b1, org.springframework.boot.test.mock.mockito.ResetMocksTestExecutionListener@280025fd]

  .   ____          _            __ _ _
 /\\ / ___'_ __ _ _(_)_ __  __ _ \ \ \ \
( ( )\___ | '_ | '_| | '_ \/ _` | \ \ \ \
 \\/  ___)| |_)| | | | | || (_| |  ) ) ) )
  '  |____| .__|_| |_|_| |_\__, | / / / /
 =========|_|==============|___/=/_/_/_/
 :: Spring Boot ::        (v2.2.4.RELEASE)

2020-02-27 00:41:52.009  INFO 4675 --- [    Test worker] c.d.c.rest.ConnectionsControllerTest     : Starting ConnectionsControllerTest on DESKTOP-3MHFIB2 with PID 4675 (started by dhonig in /home/dhonig/IdeaProjects/cityconnections)
2020-02-27 00:41:52.011  INFO 4675 --- [    Test worker] c.d.c.rest.ConnectionsControllerTest     : No active profile set, falling back to default profiles: default
2020-02-27 00:41:56.221  INFO 4675 --- [    Test worker] o.s.b.w.embedded.tomcat.TomcatWebServer  : Tomcat initialized with port(s): 0 (http)
2020-02-27 00:41:56.275  INFO 4675 --- [    Test worker] o.apache.catalina.core.StandardService   : Starting service [Tomcat]
2020-02-27 00:41:56.277  INFO 4675 --- [    Test worker] org.apache.catalina.core.StandardEngine  : Starting Servlet engine: [Apache Tomcat/9.0.30]
2020-02-27 00:41:57.040  INFO 4675 --- [    Test worker] o.a.c.c.C.[Tomcat].[localhost].[/]       : Initializing Spring embedded WebApplicationContext
2020-02-27 00:41:57.047  INFO 4675 --- [    Test worker] o.s.web.context.ContextLoader            : Root WebApplicationContext: initialization completed in 5021 ms
2020-02-27 00:41:59.732  INFO 4675 --- [    Test worker] o.s.b.a.e.web.EndpointLinksResolver      : Exposing 2 endpoint(s) beneath base path '/actuator'
2020-02-27 00:41:59.839  INFO 4675 --- [    Test worker] pertySourcedRequestMappingHandlerMapping : Mapped URL path [/v2/api-docs] onto method [springfox.documentation.swagger2.web.Swagger2Controller#getDocumentation(String, HttpServletRequest)]
2020-02-27 00:41:59.953  INFO 4675 --- [    Test worker] o.s.s.concurrent.ThreadPoolTaskExecutor  : Initializing ExecutorService 'applicationTaskExecutor'
2020-02-27 00:42:00.298  INFO 4675 --- [    Test worker] d.s.w.p.DocumentationPluginsBootstrapper : Context refreshed
2020-02-27 00:42:00.300  INFO 4675 --- [    Test worker] d.s.w.p.DocumentationPluginsBootstrapper : Found 1 custom documentation plugin(s)
2020-02-27 00:42:00.315  INFO 4675 --- [    Test worker] s.d.s.w.s.ApiListingReferenceScanner     : Scanning for api listing references
2020-02-27 00:42:00.539  INFO 4675 --- [    Test worker] o.s.b.w.embedded.tomcat.TomcatWebServer  : Tomcat started on port(s): 33929 (http) with context path ''
2020-02-27 00:42:00.548  INFO 4675 --- [    Test worker] c.d.c.rest.ConnectionsControllerTest     : Started ConnectionsControllerTest in 8.706 seconds (JVM running for 36.197)
2020-02-27 00:42:01.143  INFO 4675 --- [o-auto-1-exec-1] o.a.c.c.C.[Tomcat].[localhost].[/]       : Initializing Spring DispatcherServlet 'dispatcherServlet'
2020-02-27 00:42:01.148  INFO 4675 --- [o-auto-1-exec-1] o.s.web.servlet.DispatcherServlet        : Initializing Servlet 'dispatcherServlet'
2020-02-27 00:42:01.223  INFO 4675 --- [o-auto-1-exec-1] o.s.web.servlet.DispatcherServlet        : Completed initialization in 75 ms
]]></system-out>
  <system-err><![CDATA[]]></system-err>
</testsuite>
